
000364 CLNT S2 NEW ENTRY!
000364 WARN S2 [AE] -> S3 NextIndex 33 Len 35 CI 32
000364 WARN S2 [AE] -> S3 ELen 2
000364 TIMR S3 <-[AE] S2
000364 DROP S2 [AE] -> S3 PreIndex 32 Len 35 ELen 2
000364 ERRO S2  [AE Fail] <-= S3 XTerm 3 XLen 0 XIndex 32 Pre 0 PreLogTerm 32%!(EXTRA int=2)
000364 WARN S2  <- [AE FAIL] S3 NextIndex 32 Len 35
000364 CMIT S2 Commit [33]: 7267893901536720388
000364 CMIT S2 Commit [34]: 1001356363144920912
000364 CMIT S2 Commit [35]: 8138576060699701617
000364 CLNT S2 NEW ENTRY!
000364 WARN S2 [AE] -> S3 NextIndex 32 Len 36 CI 34
000364 WARN S2 [AE] -> S3 ELen 4
000364 TIMR S3 <-[AE] S2
000364 LOG2 S3 [AE Success] =-> S2  XLen 36
000364 CMIT S0 Commit [33]: 7267893901536720388
000364 CMIT S0 Commit [34]: 1001356363144920912
000364 WARN S2 [AE] -> S3 NextIndex 33 Len 35 CI 32
000364 WARN S2 [AE] -> S3 ELen 4
000364 DROP S2 [AE] -> S3 PreIndex 31 Len 36 ELen 4
000364 WARN S2  <- [AE Success] S3 NextIndex 36 Len 36 XLen 36 XIndex 0 CI 35
000364 CMIT S3 Commit [30]: 5051496906267028971
000364 CMIT S3 Commit [31]: 5557772404009350648
000364 CMIT S3 Commit [32]: 4075613014178758159
000364 CMIT S3 Commit [33]: 7267893901536720388
000364 CMIT S3 Commit [34]: 1001356363144920912
