000000 CLNT S0 Start at T:1 VF:-1
000000 CLNT S1 Start at T:1 VF:-1
000000 CLNT S2 Start at T:1 VF:-1
000000 CLNT S3 Start at T:1 VF:-1
000000 CLNT S4 Start at T:1 VF:-1
Test (2C): churn ...
000212 INFO S2 -> Candidate term 2 Len 1 LT 0
000212 VOTE S2 [RV]-> S3  T2 -> T1 LI 0 LT 0 li 0 lt 0
000212 TERM S3 -> Follower term 2
000212 VOTE S2 [RV]-> S0  T2 -> T1 LI 0 LT 0 li 0 lt 0
000213 TERM S0 -> Follower term 2
000212 VOTE S2 [RV]-> S1  T2 -> T1 LI 0 LT 0 li 0 lt 0
000213 VOTE S2 <- S0 Vote
000213 TERM S1 -> Follower term 2
000213 VOTE S2 <- S3 Vote
000213 LEAD S2 -> Leader term2
000213 WARN S2 [AE] -> S0 NextIndex 1 Len 1 CI 0
000213 WARN S2 [AE] -> S0 ELen 0
000213 TIMR S0 <-[AE] S2
000213 LOG2 S0 [AE Success] =-> S2  XLen 1
000214 WARN S2 [AE] -> S3 NextIndex 1 Len 1 CI 0
000214 WARN S2 [AE] -> S3 ELen 0
000214 WARN S2 [AE] -> S1 NextIndex 1 Len 1 CI 0
000214 WARN S2 [AE] -> S1 ELen 0
000214 WARN S2 [AE] -> S4 NextIndex 1 Len 1 CI 0
000214 WARN S2 [AE] -> S4 ELen 0
000214 DROP S2 [AE] -> S0 PreIndex 0 Len 1 ELen 0
000214 WARN S2  <- [AE Success] S0 NextIndex 1 Len 1 XLen 1 XIndex 0 CI 0
000214 TIMR S3 <-[AE] S2
000214 LOG2 S3 [AE Success] =-> S2  XLen 1
000214 DROP S2 [AE] -> S3 PreIndex 0 Len 1 ELen 0
000214 WARN S2  <- [AE Success] S3 NextIndex 1 Len 1 XLen 1 XIndex 0 CI 0
000214 TIMR S1 <-[AE] S2
000214 LOG2 S1 [AE Success] =-> S2  XLen 1
000214 DROP S2 [AE] -> S1 PreIndex 0 Len 1 ELen 0
000214 WARN S2  <- [AE Success] S1 NextIndex 1 Len 1 XLen 1 XIndex 0 CI 0
000227 CLNT S2 NEW ENTRY!
000227 WARN S2 [AE] -> S1 NextIndex 1 Len 2 CI 0
000227 WARN S2 [AE] -> S1 ELen 1
000227 WARN S2 [AE] -> S4 NextIndex 1 Len 2 CI 0
000227 WARN S2 [AE] -> S4 ELen 1
000227 WARN S2 [AE] -> S3 NextIndex 1 Len 2 CI 0
000227 WARN S2 [AE] -> S3 ELen 1
000227 WARN S2 [AE] -> S0 NextIndex 1 Len 2 CI 0
000227 WARN S2 [AE] -> S0 ELen 1
000227 TIMR S3 <-[AE] S2
000227 LOG2 S3 [AE Success] =-> S2  XLen 2
000228 DROP S2 [AE] -> S3 PreIndex 0 Len 2 ELen 1
000228 WARN S2  <- [AE Success] S3 NextIndex 2 Len 2 XLen 2 XIndex 0 CI 0
000228 TIMR S1 <-[AE] S2
000228 LOG2 S1 [AE Success] =-> S2  XLen 2
000228 TIMR S0 <-[AE] S2
000228 LOG2 S0 [AE Success] =-> S2  XLen 2
000228 DROP S2 [AE] -> S1 PreIndex 0 Len 2 ELen 1
000228 WARN S2  <- [AE Success] S1 NextIndex 2 Len 2 XLen 2 XIndex 0 CI 1
000228 CMIT S2 Commit [1]: 3563174176488589208
000228 DROP S2 [AE] -> S0 PreIndex 0 Len 2 ELen 1
000228 WARN S2  <- [AE Success] S0 NextIndex 2 Len 2 XLen 2 XIndex 0 CI 1
000237 CLNT S2 NEW ENTRY!
000237 WARN S2 [AE] -> S4 NextIndex 1 Len 3 CI 1
000237 WARN S2 [AE] -> S4 ELen 2
000237 WARN S2 [AE] -> S0 NextIndex 2 Len 3 CI 1
000237 WARN S2 [AE] -> S0 ELen 1
000237 TIMR S0 <-[AE] S2
000237 LOG2 S0 [AE Success] =-> S2  XLen 3
000238 DROP S2 [AE] -> S0 PreIndex 1 Len 3 ELen 1
000238 WARN S2  <- [AE Success] S0 NextIndex 3 Len 3 XLen 3 XIndex 0 CI 1
000238 WARN S2 [AE] -> S1 NextIndex 2 Len 3 CI 1
000238 WARN S2 [AE] -> S1 ELen 1
000238 TIMR S1 <-[AE] S2
000238 LOG2 S1 [AE Success] =-> S2  XLen 3
000238 DROP S2 [AE] -> S1 PreIndex 1 Len 3 ELen 1
000238 WARN S2  <- [AE Success] S1 NextIndex 3 Len 3 XLen 3 XIndex 0 CI 2
000238 CMIT S2 Commit [2]: 6612335026737345574
000238 WARN S2 [AE] -> S3 NextIndex 2 Len 3 CI 2
000238 WARN S2 [AE] -> S3 ELen 1
000238 TIMR S3 <-[AE] S2
000238 LOG2 S3 [AE Success] =-> S2  XLen 3
000238 CMIT S1 Commit [1]: 3563174176488589208
000238 DROP S2 [AE] -> S3 PreIndex 1 Len 3 ELen 1
000238 CMIT S3 Commit [1]: 3563174176488589208
000238 WARN S2  <- [AE Success] S3 NextIndex 3 Len 3 XLen 3 XIndex 0 CI 2
000238 CMIT S0 Commit [1]: 3563174176488589208
000238 CMIT S3 Commit [2]: 6612335026737345574
000238 CLNT S2 NEW ENTRY!
000239 WARN S2 [AE] -> S4 NextIndex 1 Len 4 CI 2
000239 WARN S2 [AE] -> S4 ELen 3
000239 WARN S2 [AE] -> S0 NextIndex 3 Len 4 CI 2
000239 WARN S2 [AE] -> S0 ELen 1
000239 TIMR S0 <-[AE] S2
000239 LOG2 S0 [AE Success] =-> S2  XLen 4
000239 WARN S2 [AE] -> S1 NextIndex 3 Len 4 CI 2
000239 WARN S2 [AE] -> S1 ELen 1
000239 WARN S2 [AE] -> S3 NextIndex 3 Len 4 CI 2
000239 WARN S2 [AE] -> S3 ELen 1
000239 CMIT S0 Commit [2]: 6612335026737345574
000239 DROP S2 [AE] -> S0 PreIndex 2 Len 4 ELen 1
000239 WARN S2  <- [AE Success] S0 NextIndex 4 Len 4 XLen 4 XIndex 0 CI 2
000239 TIMR S1 <-[AE] S2
000239 LOG2 S1 [AE Success] =-> S2  XLen 4
000239 TIMR S3 <-[AE] S2
000239 LOG2 S3 [AE Success] =-> S2  XLen 4
000239 DROP S2 [AE] -> S3 PreIndex 2 Len 4 ELen 1
000239 CMIT S1 Commit [2]: 6612335026737345574
000239 WARN S2  <- [AE Success] S3 NextIndex 4 Len 4 XLen 4 XIndex 0 CI 3
000239 DROP S2 [AE] -> S1 PreIndex 2 Len 4 ELen 1
000239 WARN S2  <- [AE Success] S1 NextIndex 4 Len 4 XLen 4 XIndex 0 CI 3
000239 CMIT S2 Commit [3]: 7591039313209798579
000248 CLNT S2 NEW ENTRY!
000248 WARN S2 [AE] -> S4 NextIndex 1 Len 5 CI 3
000248 WARN S2 [AE] -> S4 ELen 4
000248 WARN S2 [AE] -> S0 NextIndex 4 Len 5 CI 3
000248 WARN S2 [AE] -> S0 ELen 1
000248 TIMR S0 <-[AE] S2
000248 LOG2 S0 [AE Success] =-> S2  XLen 5
000248 DROP S2 [AE] -> S0 PreIndex 3 Len 5 ELen 1
000248 WARN S2  <- [AE Success] S0 NextIndex 5 Len 5 XLen 5 XIndex 0 CI 3
000248 WARN S2 [AE] -> S1 NextIndex 4 Len 5 CI 3
000248 WARN S2 [AE] -> S1 ELen 1
000248 TIMR S1 <-[AE] S2
000248 LOG2 S1 [AE Success] =-> S2  XLen 5
000248 DROP S2 [AE] -> S1 PreIndex 3 Len 5 ELen 1
000248 WARN S2  <- [AE Success] S1 NextIndex 5 Len 5 XLen 5 XIndex 0 CI 4
000248 CMIT S2 Commit [4]: 1309041264794350086
000248 WARN S2 [AE] -> S3 NextIndex 4 Len 5 CI 4
000248 WARN S2 [AE] -> S3 ELen 1
000248 CMIT S0 Commit [3]: 7591039313209798579
000248 CMIT S1 Commit [3]: 7591039313209798579
000248 TIMR S3 <-[AE] S2
000249 LOG2 S3 [AE Success] =-> S2  XLen 5
000249 DROP S2 [AE] -> S3 PreIndex 3 Len 5 ELen 1
000249 WARN S2  <- [AE Success] S3 NextIndex 5 Len 5 XLen 5 XIndex 0 CI 4
000249 CMIT S3 Commit [3]: 7591039313209798579
000249 CMIT S3 Commit [4]: 1309041264794350086
000249 CLNT S2 NEW ENTRY!
000249 WARN S2 [AE] -> S1 NextIndex 5 Len 6 CI 4
000249 WARN S2 [AE] -> S1 ELen 1
000249 WARN S2 [AE] -> S3 NextIndex 5 Len 6 CI 4
000249 WARN S2 [AE] -> S3 ELen 1
000249 TIMR S1 <-[AE] S2
000249 LOG2 S1 [AE Success] =-> S2  XLen 6
000249 DROP S2 [AE] -> S1 PreIndex 4 Len 6 ELen 1
000249 TIMR S3 <-[AE] S2
000249 LOG2 S3 [AE Success] =-> S2  XLen 6
000249 CMIT S1 Commit [4]: 1309041264794350086
000249 DROP S2 [AE] -> S3 PreIndex 4 Len 6 ELen 1
000249 WARN S2  <- [AE Success] S3 NextIndex 6 Len 6 XLen 6 XIndex 0 CI 5
000249 CMIT S2 Commit [5]: 1486739403144345635
000249 WARN S2  <- [AE Success] S1 NextIndex 6 Len 6 XLen 6 XIndex 0 CI 4
000249 WARN S2 [AE] -> S0 NextIndex 5 Len 6 CI 4
000249 WARN S2 [AE] -> S0 ELen 1
000250 TIMR S0 <-[AE] S2
000250 LOG2 S0 [AE Success] =-> S2  XLen 6
000249 WARN S2 [AE] -> S4 NextIndex 1 Len 6 CI 4
000250 WARN S2 [AE] -> S4 ELen 5
000250 DROP S2 [AE] -> S0 PreIndex 4 Len 6 ELen 1
000250 WARN S2  <- [AE Success] S0 NextIndex 6 Len 6 XLen 6 XIndex 0 CI 5
000250 CMIT S0 Commit [4]: 1309041264794350086
000250 CMIT S0 Commit [5]: 1486739403144345635
000259 CLNT S2 NEW ENTRY!
000259 WARN S2 [AE] -> S4 NextIndex 1 Len 7 CI 5
000259 WARN S2 [AE] -> S4 ELen 6
000259 WARN S2 [AE] -> S3 NextIndex 6 Len 7 CI 5
000259 WARN S2 [AE] -> S3 ELen 1
000259 WARN S2 [AE] -> S1 NextIndex 6 Len 7 CI 5
000259 WARN S2 [AE] -> S1 ELen 1
000259 TIMR S3 <-[AE] S2
000259 LOG2 S3 [AE Success] =-> S2  XLen 7
000259 DROP S2 [AE] -> S3 PreIndex 5 Len 7 ELen 1
000259 WARN S2  <- [AE Success] S3 NextIndex 7 Len 7 XLen 7 XIndex 0 CI 5
000259 CMIT S3 Commit [5]: 1486739403144345635
000259 WARN S2 [AE] -> S0 NextIndex 6 Len 7 CI 5
000259 WARN S2 [AE] -> S0 ELen 1
000259 TIMR S0 <-[AE] S2
000259 LOG2 S0 [AE Success] =-> S2  XLen 7
000259 TIMR S1 <-[AE] S2
000259 LOG2 S1 [AE Success] =-> S2  XLen 7
000259 DROP S2 [AE] -> S0 PreIndex 5 Len 7 ELen 1
000259 WARN S2  <- [AE Success] S0 NextIndex 7 Len 7 XLen 7 XIndex 0 CI 6
000259 CMIT S2 Commit [6]: 6914130618615415849
000259 DROP S2 [AE] -> S1 PreIndex 5 Len 7 ELen 1
000259 WARN S2  <- [AE Success] S1 NextIndex 7 Len 7 XLen 7 XIndex 0 CI 6
000259 CMIT S1 Commit [5]: 1486739403144345635
000260 CLNT S2 NEW ENTRY!
000260 WARN S2 [AE] -> S4 NextIndex 1 Len 8 CI 6
000260 WARN S2 [AE] -> S4 ELen 7
000260 WARN S2 [AE] -> S0 NextIndex 7 Len 8 CI 6
000260 WARN S2 [AE] -> S0 ELen 1
000260 WARN S2 [AE] -> S1 NextIndex 7 Len 8 CI 6
000260 WARN S2 [AE] -> S1 ELen 1
000260 TIMR S1 <-[AE] S2
000260 LOG2 S1 [AE Success] =-> S2  XLen 8
000260 WARN S2 [AE] -> S3 NextIndex 7 Len 8 CI 6
000260 WARN S2 [AE] -> S3 ELen 1
000260 TIMR S0 <-[AE] S2
000260 LOG2 S0 [AE Success] =-> S2  XLen 8
000260 DROP S2 [AE] -> S1 PreIndex 6 Len 8 ELen 1
000260 WARN S2  <- [AE Success] S1 NextIndex 8 Len 8 XLen 8 XIndex 0 CI 6
000260 CMIT S1 Commit [6]: 6914130618615415849
000260 CMIT S0 Commit [6]: 6914130618615415849
000260 TIMR S3 <-[AE] S2
000260 LOG2 S3 [AE Success] =-> S2  XLen 8
000260 DROP S2 [AE] -> S3 PreIndex 6 Len 8 ELen 1
000260 WARN S2  <- [AE Success] S3 NextIndex 8 Len 8 XLen 8 XIndex 0 CI 7
000260 CMIT S3 Commit [6]: 6914130618615415849
000260 CMIT S2 Commit [7]: 3549443874787224771
000260 DROP S2 [AE] -> S0 PreIndex 6 Len 8 ELen 1
000260 WARN S2  <- [AE Success] S0 NextIndex 8 Len 8 XLen 8 XIndex 0 CI 7
000269 CLNT S2 NEW ENTRY!
000269 WARN S2 [AE] -> S4 NextIndex 1 Len 9 CI 7
000269 WARN S2 [AE] -> S4 ELen 8
000269 WARN S2 [AE] -> S0 NextIndex 8 Len 9 CI 7
000269 WARN S2 [AE] -> S0 ELen 1
000269 TIMR S0 <-[AE] S2
000269 LOG2 S0 [AE Success] =-> S2  XLen 9
000269 DROP S2 [AE] -> S0 PreIndex 7 Len 9 ELen 1
000269 WARN S2  <- [AE Success] S0 NextIndex 9 Len 9 XLen 9 XIndex 0 CI 7
000269 WARN S2 [AE] -> S1 NextIndex 8 Len 9 CI 7
000269 WARN S2 [AE] -> S1 ELen 1
000269 TIMR S1 <-[AE] S2
000269 LOG2 S1 [AE Success] =-> S2  XLen 9
000269 DROP S2 [AE] -> S1 PreIndex 7 Len 9 ELen 1
000269 WARN S2  <- [AE Success] S1 NextIndex 9 Len 9 XLen 9 XIndex 0 CI 8
000269 CMIT S2 Commit [8]: 6841461910540240565
000269 WARN S2 [AE] -> S3 NextIndex 8 Len 9 CI 8
000269 WARN S2 [AE] -> S3 ELen 1
000269 TIMR S3 <-[AE] S2
000269 CMIT S0 Commit [7]: 3549443874787224771
000269 LOG2 S3 [AE Success] =-> S2  XLen 9
000270 DROP S2 [AE] -> S3 PreIndex 7 Len 9 ELen 1
000270 WARN S2  <- [AE Success] S3 NextIndex 9 Len 9 XLen 9 XIndex 0 CI 8
000269 CMIT S3 Commit [7]: 3549443874787224771
000270 CMIT S3 Commit [8]: 6841461910540240565
000269 CMIT S1 Commit [7]: 3549443874787224771
000270 CLNT S2 NEW ENTRY!
000270 WARN S2 [AE] -> S1 NextIndex 9 Len 10 CI 8
000270 WARN S2 [AE] -> S1 ELen 1
000270 WARN S2 [AE] -> S0 NextIndex 9 Len 10 CI 8
000270 WARN S2 [AE] -> S0 ELen 1
000271 TIMR S1 <-[AE] S2
000271 LOG2 S1 [AE Success] =-> S2  XLen 10
000271 TIMR S0 <-[AE] S2
000271 LOG2 S0 [AE Success] =-> S2  XLen 10
000271 DROP S2 [AE] -> S1 PreIndex 8 Len 10 ELen 1
000271 WARN S2  <- [AE Success] S1 NextIndex 10 Len 10 XLen 10 XIndex 0 CI 8
000270 WARN S2 [AE] -> S4 NextIndex 1 Len 10 CI 8
000271 WARN S2 [AE] -> S4 ELen 9
000271 DROP S2 [AE] -> S0 PreIndex 8 Len 10 ELen 1
000271 WARN S2  <- [AE Success] S0 NextIndex 10 Len 10 XLen 10 XIndex 0 CI 9
000271 CMIT S2 Commit [9]: 8066896154793764458
000270 WARN S2 [AE] -> S3 NextIndex 9 Len 10 CI 8
000271 WARN S2 [AE] -> S3 ELen 1
000271 CMIT S1 Commit [8]: 6841461910540240565
000271 CMIT S0 Commit [8]: 6841461910540240565
000271 TIMR S3 <-[AE] S2
000271 LOG2 S3 [AE Success] =-> S2  XLen 10
000271 DROP S2 [AE] -> S3 PreIndex 8 Len 10 ELen 1
000271 WARN S2  <- [AE Success] S3 NextIndex 10 Len 10 XLen 10 XIndex 0 CI 9
000271 CMIT S3 Commit [9]: 8066896154793764458
000279 CLNT S2 NEW ENTRY!
000280 WARN S2 [AE] -> S1 NextIndex 10 Len 11 CI 9
000280 WARN S2 [AE] -> S3 NextIndex 10 Len 11 CI 9
000280 WARN S2 [AE] -> S3 ELen 1
000280 WARN S2 [AE] -> S0 NextIndex 10 Len 11 CI 9
000280 WARN S2 [AE] -> S0 ELen 1
000280 WARN S2 [AE] -> S1 ELen 1
000280 TIMR S0 <-[AE] S2
000280 TIMR S3 <-[AE] S2
000280 LOG2 S3 [AE Success] =-> S2  XLen 11
000280 TIMR S1 <-[AE] S2
000280 LOG2 S1 [AE Success] =-> S2  XLen 11
000280 DROP S2 [AE] -> S3 PreIndex 9 Len 11 ELen 1
000280 WARN S2  <- [AE Success] S3 NextIndex 11 Len 11 XLen 11 XIndex 0 CI 9
000280 LOG2 S0 [AE Success] =-> S2  XLen 11
000280 DROP S2 [AE] -> S1 PreIndex 9 Len 11 ELen 1
000280 WARN S2  <- [AE Success] S1 NextIndex 11 Len 11 XLen 11 XIndex 0 CI 10
000280 CMIT S2 Commit [10]: 8036389748802675683
000280 CMIT S1 Commit [9]: 8066896154793764458
000280 DROP S2 [AE] -> S0 PreIndex 9 Len 11 ELen 1
000280 WARN S2  <- [AE Success] S0 NextIndex 11 Len 11 XLen 11 XIndex 0 CI 10
000280 WARN S2 [AE] -> S4 NextIndex 1 Len 11 CI 9
000280 WARN S2 [AE] -> S4 ELen 10
000280 CMIT S0 Commit [9]: 8066896154793764458
000281 CLNT S2 NEW ENTRY!
000281 WARN S2 [AE] -> S4 NextIndex 1 Len 12 CI 10
000281 WARN S2 [AE] -> S4 ELen 11
000281 WARN S2 [AE] -> S1 NextIndex 11 Len 12 CI 10
000281 WARN S2 [AE] -> S1 ELen 1
000281 WARN S2 [AE] -> S0 NextIndex 11 Len 12 CI 10
000281 WARN S2 [AE] -> S0 ELen 1
000281 WARN S2 [AE] -> S3 NextIndex 11 Len 12 CI 10
000281 WARN S2 [AE] -> S3 ELen 1
000281 TIMR S1 <-[AE] S2
000281 LOG2 S1 [AE Success] =-> S2  XLen 12
000281 TIMR S3 <-[AE] S2
000281 LOG2 S3 [AE Success] =-> S2  XLen 12
000281 DROP S2 [AE] -> S1 PreIndex 10 Len 12 ELen 1
000281 WARN S2  <- [AE Success] S1 NextIndex 12 Len 12 XLen 12 XIndex 0 CI 10
000281 CMIT S1 Commit [10]: 8036389748802675683
000281 DROP S2 [AE] -> S3 PreIndex 10 Len 12 ELen 1
000281 WARN S2  <- [AE Success] S3 NextIndex 12 Len 12 XLen 12 XIndex 0 CI 11
000281 TIMR S0 <-[AE] S2
000281 LOG2 S0 [AE Success] =-> S2  XLen 12
000281 DROP S2 [AE] -> S0 PreIndex 10 Len 12 ELen 1
000281 WARN S2  <- [AE Success] S0 NextIndex 12 Len 12 XLen 12 XIndex 0 CI 11
000281 CMIT S2 Commit [11]: 5318361304916522990
000281 CMIT S0 Commit [10]: 8036389748802675683
000281 CMIT S3 Commit [10]: 8036389748802675683
000289 CLNT S2 NEW ENTRY!
000289 WARN S2 [AE] -> S4 NextIndex 1 Len 13 CI 11
000289 WARN S2 [AE] -> S4 ELen 12
000289 WARN S2 [AE] -> S0 NextIndex 12 Len 13 CI 11
000289 WARN S2 [AE] -> S0 ELen 1
000290 TIMR S0 <-[AE] S2
000290 LOG2 S0 [AE Success] =-> S2  XLen 13
000290 DROP S2 [AE] -> S0 PreIndex 11 Len 13 ELen 1
000290 WARN S2  <- [AE Success] S0 NextIndex 13 Len 13 XLen 13 XIndex 0 CI 11
000290 WARN S2 [AE] -> S1 NextIndex 12 Len 13 CI 11
000290 WARN S2 [AE] -> S1 ELen 1
000290 TIMR S1 <-[AE] S2
000290 LOG2 S1 [AE Success] =-> S2  XLen 13
000290 DROP S2 [AE] -> S1 PreIndex 11 Len 13 ELen 1
000290 WARN S2  <- [AE Success] S1 NextIndex 13 Len 13 XLen 13 XIndex 0 CI 12
000290 CMIT S2 Commit [12]: 2845793667220507889
000290 WARN S2 [AE] -> S3 NextIndex 12 Len 13 CI 12
000290 WARN S2 [AE] -> S3 ELen 1
000290 TIMR S3 <-[AE] S2
000290 LOG2 S3 [AE Success] =-> S2  XLen 13
000290 CMIT S0 Commit [11]: 5318361304916522990
000290 CMIT S1 Commit [11]: 5318361304916522990
000290 CLNT S2 NEW ENTRY!
000290 WARN S2 [AE] -> S0 NextIndex 13 Len 14 CI 12
000290 WARN S2 [AE] -> S0 ELen 1
000290 TIMR S0 <-[AE] S2
000290 LOG2 S0 [AE Success] =-> S2  XLen 14
000290 WARN S2 [AE] -> S4 NextIndex 1 Len 14 CI 12
000290 WARN S2 [AE] -> S4 ELen 13
000290 CMIT S0 Commit [12]: 2845793667220507889
000290 CMIT S3 Commit [11]: 5318361304916522990
000290 CMIT S3 Commit [12]: 2845793667220507889
000290 WARN S2 [AE] -> S1 NextIndex 13 Len 14 CI 12
000290 WARN S2 [AE] -> S1 ELen 1
000290 TIMR S1 <-[AE] S2
000290 DROP S2 [AE] -> S3 PreIndex 11 Len 14 ELen 1
000290 DROP S2 [AE] -> S0 PreIndex 12 Len 14 ELen 1
000290 WARN S2  <- [AE Success] S0 NextIndex 14 Len 14 XLen 14 XIndex 0 CI 12
000290 WARN S2 [AE] -> S3 NextIndex 12 Len 14 CI 12
000290 WARN S2 [AE] -> S3 ELen 2
000291 TIMR S3 <-[AE] S2
000291 LOG2 S3 [AE Success] =-> S2  XLen 14
000291 DROP S2 [AE] -> S3 PreIndex 11 Len 14 ELen 2
000291 WARN S2  <- [AE Success] S3 NextIndex 14 Len 14 XLen 14 XIndex 0 CI 13
000291 CMIT S2 Commit [13]: 3302030311851199676
000290 LOG2 S1 [AE Success] =-> S2  XLen 14
000291 DROP S2 [AE] -> S1 PreIndex 12 Len 14 ELen 1
000291 WARN S2  <- [AE Success] S1 NextIndex 14 Len 14 XLen 14 XIndex 0 CI 13
000290 CMIT S1 Commit [12]: 2845793667220507889
000291 CLNT S2 NEW ENTRY!
000291 WARN S2 [AE] -> S4 NextIndex 1 Len 15 CI 13
000291 WARN S2 [AE] -> S4 ELen 14
000291 WARN S2 [AE] -> S0 NextIndex 14 Len 15 CI 13
000291 WARN S2 [AE] -> S0 ELen 1
000291 WARN S2 [AE] -> S1 NextIndex 14 Len 15 CI 13
000291 WARN S2 [AE] -> S1 ELen 1
000291 WARN S2 [AE] -> S3 NextIndex 14 Len 15 CI 13
000291 WARN S2 [AE] -> S3 ELen 1
000291 TIMR S0 <-[AE] S2
000291 LOG2 S0 [AE Success] =-> S2  XLen 15
000291 CMIT S0 Commit [13]: 3302030311851199676
000291 TIMR S3 <-[AE] S2
000291 TIMR S1 <-[AE] S2
000291 LOG2 S3 [AE Success] =-> S2  XLen 15
000291 LOG2 S1 [AE Success] =-> S2  XLen 15
000291 DROP S2 [AE] -> S0 PreIndex 13 Len 15 ELen 1
000291 WARN S2  <- [AE Success] S0 NextIndex 15 Len 15 XLen 15 XIndex 0 CI 13
000291 CMIT S3 Commit [13]: 3302030311851199676
000291 DROP S2 [AE] -> S1 PreIndex 13 Len 15 ELen 1
000291 WARN S2  <- [AE Success] S1 NextIndex 15 Len 15 XLen 15 XIndex 0 CI 14
000291 DROP S2 [AE] -> S3 PreIndex 13 Len 15 ELen 1
000291 WARN S2  <- [AE Success] S3 NextIndex 15 Len 15 XLen 15 XIndex 0 CI 14
000291 CMIT S1 Commit [13]: 3302030311851199676
000291 CMIT S2 Commit [14]: 5488325234029230986
000300 CLNT S2 NEW ENTRY!
000300 WARN S2 [AE] -> S4 NextIndex 1 Len 16 CI 14
000300 WARN S2 [AE] -> S4 ELen 15
000300 WARN S2 [AE] -> S1 NextIndex 15 Len 16 CI 14
000300 WARN S2 [AE] -> S1 ELen 1
000300 WARN S2 [AE] -> S0 NextIndex 15 Len 16 CI 14
000300 WARN S2 [AE] -> S0 ELen 1
000300 WARN S2 [AE] -> S3 NextIndex 15 Len 16 CI 14
000300 WARN S2 [AE] -> S3 ELen 1
000300 TIMR S0 <-[AE] S2
000300 LOG2 S0 [AE Success] =-> S2  XLen 16
000300 TIMR S3 <-[AE] S2
000300 LOG2 S3 [AE Success] =-> S2  XLen 16
000300 TIMR S1 <-[AE] S2
000300 LOG2 S1 [AE Success] =-> S2  XLen 16
000300 DROP S2 [AE] -> S1 PreIndex 14 Len 16 ELen 1
000300 WARN S2  <- [AE Success] S1 NextIndex 16 Len 16 XLen 16 XIndex 0 CI 14
000300 CMIT S3 Commit [14]: 5488325234029230986
000300 DROP S2 [AE] -> S3 PreIndex 14 Len 16 ELen 1
000300 CMIT S0 Commit [14]: 5488325234029230986
000300 WARN S2  <- [AE Success] S3 NextIndex 16 Len 16 XLen 16 XIndex 0 CI 15
000300 DROP S2 [AE] -> S0 PreIndex 14 Len 16 ELen 1
000300 WARN S2  <- [AE Success] S0 NextIndex 16 Len 16 XLen 16 XIndex 0 CI 15
000300 CMIT S2 Commit [15]: 1655352965481786951
000300 CMIT S1 Commit [14]: 5488325234029230986
000300 CLNT S2 NEW ENTRY!
000300 WARN S2 [AE] -> S4 NextIndex 1 Len 17 CI 15
000300 WARN S2 [AE] -> S4 ELen 16
000300 WARN S2 [AE] -> S0 NextIndex 16 Len 17 CI 15
000300 WARN S2 [AE] -> S0 ELen 1
000300 TIMR S0 <-[AE] S2
000300 LOG2 S0 [AE Success] =-> S2  XLen 17
000300 DROP S2 [AE] -> S0 PreIndex 15 Len 17 ELen 1
000300 WARN S2  <- [AE Success] S0 NextIndex 17 Len 17 XLen 17 XIndex 0 CI 15
000300 WARN S2 [AE] -> S1 NextIndex 16 Len 17 CI 15
000300 WARN S2 [AE] -> S1 ELen 1
000300 TIMR S1 <-[AE] S2
000300 LOG2 S1 [AE Success] =-> S2  XLen 17
000300 DROP S2 [AE] -> S1 PreIndex 15 Len 17 ELen 1
000300 WARN S2  <- [AE Success] S1 NextIndex 17 Len 17 XLen 17 XIndex 0 CI 16
000300 CMIT S2 Commit [16]: 4547476901408053305
000300 WARN S2 [AE] -> S3 NextIndex 16 Len 17 CI 16
000300 WARN S2 [AE] -> S3 ELen 1
000301 TIMR S3 <-[AE] S2
000301 LOG2 S3 [AE Success] =-> S2  XLen 17
000301 DROP S2 [AE] -> S3 PreIndex 15 Len 17 ELen 1
000301 WARN S2  <- [AE Success] S3 NextIndex 17 Len 17 XLen 17 XIndex 0 CI 16
000301 CMIT S0 Commit [15]: 1655352965481786951
000301 CMIT S1 Commit [15]: 1655352965481786951
000301 CMIT S3 Commit [15]: 1655352965481786951
000301 CMIT S3 Commit [16]: 4547476901408053305
000301 CLNT S2 NEW ENTRY!
000301 WARN S2 [AE] -> S4 NextIndex 1 Len 18 CI 16
000301 WARN S2 [AE] -> S4 ELen 17
000301 WARN S2 [AE] -> S0 NextIndex 17 Len 18 CI 16
000301 WARN S2 [AE] -> S0 ELen 1
000301 TIMR S0 <-[AE] S2
000301 LOG2 S0 [AE Success] =-> S2  XLen 18
000301 DROP S2 [AE] -> S0 PreIndex 16 Len 18 ELen 1
000301 WARN S2  <- [AE Success] S0 NextIndex 18 Len 18 XLen 18 XIndex 0 CI 16
000301 WARN S2 [AE] -> S1 NextIndex 17 Len 18 CI 16
000301 WARN S2 [AE] -> S1 ELen 1
000301 TIMR S1 <-[AE] S2
000301 LOG2 S1 [AE Success] =-> S2  XLen 18
000302 DROP S2 [AE] -> S1 PreIndex 16 Len 18 ELen 1
000302 WARN S2  <- [AE Success] S1 NextIndex 18 Len 18 XLen 18 XIndex 0 CI 17
000302 CMIT S2 Commit [17]: 8032430522610731184
000302 WARN S2 [AE] -> S3 NextIndex 17 Len 18 CI 17
000302 WARN S2 [AE] -> S3 ELen 1
000302 TIMR S3 <-[AE] S2
000302 LOG2 S3 [AE Success] =-> S2  XLen 18
000302 DROP S2 [AE] -> S3 PreIndex 16 Len 18 ELen 1
000302 WARN S2  <- [AE Success] S3 NextIndex 18 Len 18 XLen 18 XIndex 0 CI 17
000302 CMIT S0 Commit [16]: 4547476901408053305
000302 CMIT S1 Commit [16]: 4547476901408053305
000302 CMIT S3 Commit [17]: 8032430522610731184
000310 CLNT S2 NEW ENTRY!
000310 WARN S2 [AE] -> S4 NextIndex 1 Len 19 CI 17
000310 WARN S2 [AE] -> S4 ELen 18
000310 WARN S2 [AE] -> S1 NextIndex 18 Len 19 CI 17
000310 WARN S2 [AE] -> S1 ELen 1
000310 WARN S2 [AE] -> S0 NextIndex 18 Len 19 CI 17
000310 WARN S2 [AE] -> S3 NextIndex 18 Len 19 CI 17
000310 WARN S2 [AE] -> S0 ELen 1
000310 WARN S2 [AE] -> S3 ELen 1
000310 CLNT S2 NEW ENTRY!
000310 WARN S2 [AE] -> S4 NextIndex 1 Len 20 CI 17
000310 WARN S2 [AE] -> S4 ELen 19
000310 TIMR S0 <-[AE] S2
000310 TIMR S3 <-[AE] S2
000310 CMIT S0 Commit [17]: 8032430522610731184
000310 LOG2 S3 [AE Success] =-> S2  XLen 19
000310 WARN S2 [AE] -> S1 NextIndex 18 Len 20 CI 17
000310 WARN S2 [AE] -> S3 NextIndex 18 Len 20 CI 17
000310 WARN S2 [AE] -> S1 ELen 2
000310 WARN S2 [AE] -> S3 ELen 2
000310 TIMR S1 <-[AE] S2
000311 LOG2 S1 [AE Success] =-> S2  XLen 19
000311 DROP S2 [AE] -> S3 PreIndex 17 Len 20 ELen 1
000310 LOG2 S0 [AE Success] =-> S2  XLen 19
000311 TIMR S1 <-[AE] S2
000311 LOG2 S1 [AE Success] =-> S2  XLen 20
000311 TIMR S3 <-[AE] S2
000311 LOG2 S3 [AE Success] =-> S2  XLen 20
000311 DROP S2 [AE] -> S1 PreIndex 17 Len 20 ELen 2
000311 WARN S2  <- [AE Success] S1 NextIndex 20 Len 20 XLen 20 XIndex 0 CI 17
000310 WARN S2 [AE] -> S0 NextIndex 18 Len 20 CI 17
000311 WARN S2 [AE] -> S0 ELen 2
000311 DROP S2 [AE] -> S1 PreIndex 17 Len 20 ELen 1
000311 CMIT S1 Commit [17]: 8032430522610731184
000311 DROP S2 [AE] -> S0 PreIndex 17 Len 20 ELen 1
000311 DROP S2 [AE] -> S3 PreIndex 17 Len 20 ELen 2
000311 WARN S2  <- [AE Success] S3 NextIndex 20 Len 20 XLen 20 XIndex 0 CI 19
000311 CMIT S2 Commit [18]: 3330208402803768622
000311 CMIT S2 Commit [19]: 9170233432417922600
000311 TIMR S0 <-[AE] S2
000311 LOG2 S0 [AE Success] =-> S2  XLen 20
000311 DROP S2 [AE] -> S0 PreIndex 17 Len 20 ELen 2
000311 WARN S2  <- [AE Success] S0 NextIndex 20 Len 20 XLen 20 XIndex 0 CI 19
000311 CLNT S2 NEW ENTRY!
000311 WARN S2 [AE] -> S4 NextIndex 1 Len 21 CI 19
000311 WARN S2 [AE] -> S4 ELen 20
000311 WARN S2 [AE] -> S1 NextIndex 20 Len 21 CI 19
000311 WARN S2 [AE] -> S1 ELen 1
000311 WARN S2 [AE] -> S3 NextIndex 20 Len 21 CI 19
000311 WARN S2 [AE] -> S0 NextIndex 20 Len 21 CI 19
000311 WARN S2 [AE] -> S0 ELen 1
000311 TIMR S1 <-[AE] S2
000312 LOG2 S1 [AE Success] =-> S2  XLen 21
000312 TIMR S0 <-[AE] S2
000312 LOG2 S0 [AE Success] =-> S2  XLen 21
000312 DROP S2 [AE] -> S1 PreIndex 19 Len 21 ELen 1
000312 WARN S2  <- [AE Success] S1 NextIndex 21 Len 21 XLen 21 XIndex 0 CI 19
000312 CMIT S1 Commit [18]: 3330208402803768622
000312 CMIT S1 Commit [19]: 9170233432417922600
000312 CMIT S0 Commit [18]: 3330208402803768622
000312 CMIT S0 Commit [19]: 9170233432417922600
000312 DROP S2 [AE] -> S0 PreIndex 19 Len 21 ELen 1
000312 WARN S2  <- [AE Success] S0 NextIndex 21 Len 21 XLen 21 XIndex 0 CI 20
000312 CMIT S2 Commit [20]: 3170027021386748325
000311 WARN S2 [AE] -> S3 ELen 1
000312 TIMR S3 <-[AE] S2
000312 LOG2 S3 [AE Success] =-> S2  XLen 21
000312 DROP S2 [AE] -> S3 PreIndex 19 Len 21 ELen 1
000312 WARN S2  <- [AE Success] S3 NextIndex 21 Len 21 XLen 21 XIndex 0 CI 20
000312 CMIT S3 Commit [18]: 3330208402803768622
000312 CMIT S3 Commit [19]: 9170233432417922600
000312 CMIT S3 Commit [20]: 3170027021386748325
000321 CLNT S2 NEW ENTRY!
000321 WARN S2 [AE] -> S0 NextIndex 21 Len 22 CI 20
000321 WARN S2 [AE] -> S0 ELen 2
000321 WARN S2 [AE] -> S1 NextIndex 21 Len 23 CI 20
000321 WARN S2 [AE] -> S4 NextIndex 1 Len 23 CI 20
000321 WARN S2 [AE] -> S4 NextIndex 1 Len 22 CI 20
000321 WARN S2 [AE] -> S4 ELen 22
000321 WARN S2 [AE] -> S3 NextIndex 21 Len 23 CI 20
000321 WARN S2 [AE] -> S3 ELen 2
000321 WARN S2 [AE] -> S3 NextIndex 21 Len 23 CI 20
000321 WARN S2 [AE] -> S3 ELen 2
000321 CLNT S2 NEW ENTRY!
000321 WARN S2 [AE] -> S1 ELen 2
000321 TIMR S3 <-[AE] S2
000321 LOG2 S3 [AE Success] =-> S2  XLen 23
000321 TIMR S3 <-[AE] S2
000321 LOG2 S3 [AE Success] =-> S2  XLen 23
000321 TIMR S0 <-[AE] S2
000321 LOG2 S0 [AE Success] =-> S2  XLen 23
000321 WARN S2 [AE] -> S1 NextIndex 21 Len 23 CI 20
000322 WARN S2 [AE] -> S1 ELen 2
000322 DROP S2 [AE] -> S3 PreIndex 20 Len 23 ELen 2
000322 WARN S2  <- [AE Success] S3 NextIndex 23 Len 23 XLen 23 XIndex 0 CI 20
000321 TIMR S1 <-[AE] S2
000322 LOG2 S1 [AE Success] =-> S2  XLen 23
000322 DROP S2 [AE] -> S0 PreIndex 20 Len 23 ELen 2
000322 DROP S2 [AE] -> S3 PreIndex 20 Len 23 ELen 2
000321 WARN S2 [AE] -> S4 ELen 22
000322 TIMR S1 <-[AE] S2
000322 CMIT S1 Commit [20]: 3170027021386748325
000322 LOG2 S1 [AE Success] =-> S2  XLen 23
000322 WARN S2 [AE] -> S4 NextIndex 1 Len 24 CI 20
000322 WARN S2 [AE] -> S1 NextIndex 21 Len 24 CI 20
000322 WARN S2 [AE] -> S1 ELen 3
000322 WARN S2 [AE] -> S3 NextIndex 23 Len 24 CI 20
000321 WARN S2 [AE] -> S0 NextIndex 21 Len 23 CI 20
000322 WARN S2 [AE] -> S3 ELen 1
000322 WARN S2 [AE] -> S0 ELen 3
000322 CLNT S2 NEW ENTRY!
000322 DROP S2 [AE] -> S1 PreIndex 20 Len 24 ELen 2
000322 WARN S2 [AE] -> S4 ELen 23
000322 DROP S2 [AE] -> S1 PreIndex 20 Len 24 ELen 2
000323 TIMR S0 <-[AE] S2
000322 WARN S2 [AE] -> S0 NextIndex 21 Len 24 CI 20
000323 WARN S2 [AE] -> S0 ELen 3
000323 TIMR S3 <-[AE] S2
000323 LOG2 S3 [AE Success] =-> S2  XLen 24
000323 TIMR S0 <-[AE] S2
000323 LOG2 S0 [AE Success] =-> S2  XLen 24
000323 DROP S2 [AE] -> S3 PreIndex 22 Len 24 ELen 1
000323 WARN S2  <- [AE Success] S3 NextIndex 24 Len 24 XLen 24 XIndex 0 CI 20
000323 TIMR S1 <-[AE] S2
000323 LOG2 S1 [AE Success] =-> S2  XLen 24
000323 DROP S2 [AE] -> S0 PreIndex 20 Len 24 ELen 3
000321 CMIT S0 Commit [20]: 3170027021386748325
000323 LOG2 S0 [AE Success] =-> S2  XLen 24
000323 WARN S2  <- [AE Success] S0 NextIndex 24 Len 24 XLen 24 XIndex 0 CI 23
000323 DROP S2 [AE] -> S1 PreIndex 20 Len 24 ELen 3
000323 WARN S2  <- [AE Success] S1 NextIndex 24 Len 24 XLen 24 XIndex 0 CI 23
000323 CMIT S2 Commit [21]: 1726875671545173119
000323 CMIT S2 Commit [22]: 4745565703837234272
000323 CMIT S2 Commit [23]: 4483803682126694019
000323 DROP S2 [AE] -> S0 PreIndex 20 Len 24 ELen 3
000332 CLNT S2 NEW ENTRY!
000332 CLNT S2 NEW ENTRY!
000332 WARN S2 [AE] -> S4 NextIndex 1 Len 26 CI 23
000332 WARN S2 [AE] -> S4 ELen 25
000332 WARN S2 [AE] -> S1 NextIndex 24 Len 26 CI 23
000332 WARN S2 [AE] -> S3 NextIndex 24 Len 26 CI 23
000332 WARN S2 [AE] -> S0 NextIndex 24 Len 26 CI 23
000332 WARN S2 [AE] -> S0 ELen 2
000332 WARN S2 [AE] -> S4 NextIndex 1 Len 26 CI 23
000332 WARN S2 [AE] -> S4 ELen 25
000332 WARN S2 [AE] -> S3 ELen 2
000332 TIMR S0 <-[AE] S2
000332 LOG2 S0 [AE Success] =-> S2  XLen 26
000332 TIMR S3 <-[AE] S2
000332 LOG2 S3 [AE Success] =-> S2  XLen 26
000332 DROP S2 [AE] -> S0 PreIndex 23 Len 26 ELen 2
000332 WARN S2  <- [AE Success] S0 NextIndex 26 Len 26 XLen 26 XIndex 0 CI 23
000332 WARN S2 [AE] -> S0 NextIndex 24 Len 26 CI 23
000332 WARN S2 [AE] -> S0 ELen 0
000332 DROP S2 [AE] -> S3 PreIndex 23 Len 26 ELen 2
000332 WARN S2  <- [AE Success] S3 NextIndex 26 Len 26 XLen 26 XIndex 0 CI 25
000332 CMIT S2 Commit [24]: 8671486595553637636
000332 CMIT S2 Commit [25]: 3845291632631587460
000332 WARN S2 [AE] -> S1 ELen 2
000332 TIMR S0 <-[AE] S2
000332 LOG2 S0 [AE Success] =-> S2  XLen 24
000332 CMIT S3 Commit [21]: 1726875671545173119
000332 CMIT S3 Commit [22]: 4745565703837234272
000332 WARN S2 [AE] -> S3 NextIndex 24 Len 26 CI 23
000332 WARN S2 [AE] -> S3 ELen 0
000332 DROP S2 [AE] -> S0 PreIndex 23 Len 26 ELen 0
000332 TIMR S1 <-[AE] S2
000332 TIMR S3 <-[AE] S2
000332 CMIT S1 Commit [21]: 1726875671545173119
000332 CMIT S1 Commit [22]: 4745565703837234272
000332 LOG2 S1 [AE Success] =-> S2  XLen 26
000332 DROP S2 [AE] -> S1 PreIndex 23 Len 26 ELen 2
000332 WARN S2  <- [AE Success] S1 NextIndex 26 Len 26 XLen 26 XIndex 0 CI 25
000332 LOG2 S3 [AE Success] =-> S2  XLen 24
000332 DROP S2 [AE] -> S3 PreIndex 23 Len 26 ELen 0
000332 WARN S2 [AE] -> S1 NextIndex 24 Len 26 CI 23
000332 WARN S2 [AE] -> S1 ELen 0
000332 TIMR S1 <-[AE] S2
000332 LOG2 S1 [AE Success] =-> S2  XLen 24
000332 DROP S2 [AE] -> S1 PreIndex 23 Len 26 ELen 0
000332 CMIT S0 Commit [21]: 1726875671545173119
000332 CMIT S0 Commit [22]: 4745565703837234272
000332 CMIT S0 Commit [23]: 4483803682126694019
000332 CMIT S3 Commit [23]: 4483803682126694019
000332 CMIT S1 Commit [23]: 4483803682126694019
000332 CMIT S1 Commit [24]: 8671486595553637636
000332 CMIT S1 Commit [25]: 3845291632631587460
000333 CLNT S2 NEW ENTRY!
000333 WARN S2 [AE] -> S4 NextIndex 1 Len 27 CI 25
000333 WARN S2 [AE] -> S4 ELen 26
000333 WARN S2 [AE] -> S1 NextIndex 26 Len 27 CI 25
000333 WARN S2 [AE] -> S1 ELen 1
000333 WARN S2 [AE] -> S3 NextIndex 26 Len 27 CI 25
000333 WARN S2 [AE] -> S3 ELen 1
000333 TIMR S1 <-[AE] S2
000333 DROP S2 [AE] -> S1 PreIndex 25 Len 27 ELen 1
000333 ERRO S2  [AE Fail] <-= S1 XTerm 1 XLen 0 XIndex 24 Pre 0 PreLogTerm 25%!(EXTRA int=2)
000333 WARN S2  <- [AE FAIL] S1 NextIndex 24 Len 27
000333 WARN S2 [AE] -> S0 NextIndex 26 Len 27 CI 25
000333 WARN S2 [AE] -> S0 ELen 1
000333 TIMR S3 <-[AE] S2
000333 DROP S2 [AE] -> S3 PreIndex 25 Len 27 ELen 1
000333 TIMR S0 <-[AE] S2
000333 ERRO S2  [AE Fail] <-= S3 XTerm 3 XLen 0 XIndex 24 Pre 0 PreLogTerm 25%!(EXTRA int=2)
000333 WARN S2  <- [AE FAIL] S3 NextIndex 24 Len 27
000333 DROP S2 [AE] -> S0 PreIndex 25 Len 27 ELen 1
000333 ERRO S2  [AE Fail] <-= S0 XTerm 0 XLen 0 XIndex 24 Pre 0 PreLogTerm 25%!(EXTRA int=2)
000333 WARN S2  <- [AE FAIL] S0 NextIndex 24 Len 27
000342 CLNT S2 NEW ENTRY!
000342 CLNT S2 NEW ENTRY!
000342 WARN S2 [AE] -> S4 NextIndex 1 Len 29 CI 25
000342 WARN S2 [AE] -> S4 ELen 28
000342 WARN S2 [AE] -> S4 NextIndex 1 Len 29 CI 25
000342 WARN S2 [AE] -> S4 ELen 28
000342 WARN S2 [AE] -> S1 NextIndex 24 Len 29 CI 25
000342 WARN S2 [AE] -> S1 ELen 5
000342 WARN S2 [AE] -> S0 NextIndex 24 Len 29 CI 25
000342 WARN S2 [AE] -> S3 NextIndex 24 Len 29 CI 25
000342 WARN S2 [AE] -> S0 NextIndex 24 Len 29 CI 25
000342 WARN S2 [AE] -> S0 ELen 5
000342 WARN S2 [AE] -> S3 NextIndex 24 Len 29 CI 25
000342 WARN S2 [AE] -> S3 ELen 5
000342 TIMR S3 <-[AE] S2
000342 LOG2 S3 [AE Success] =-> S2  XLen 29
000342 TIMR S1 <-[AE] S2
000342 LOG2 S1 [AE Success] =-> S2  XLen 29
000343 TIMR S0 <-[AE] S2
000343 LOG2 S0 [AE Success] =-> S2  XLen 29
000343 DROP S2 [AE] -> S3 PreIndex 23 Len 29 ELen 5
000343 WARN S2  <- [AE Success] S3 NextIndex 29 Len 29 XLen 29 XIndex 0 CI 25
000342 WARN S2 [AE] -> S0 ELen 5
000343 CMIT S3 Commit [24]: 8671486595553637636
000343 CMIT S3 Commit [25]: 3845291632631587460
000343 DROP S2 [AE] -> S0 PreIndex 23 Len 29 ELen 5
000343 WARN S2  <- [AE Success] S0 NextIndex 29 Len 29 XLen 29 XIndex 0 CI 28
000343 CMIT S2 Commit [26]: 7603770283026708729
000343 CMIT S2 Commit [27]: 4710762046763022080
000343 CMIT S2 Commit [28]: 7315833051168074681
000343 DROP S2 [AE] -> S1 PreIndex 23 Len 29 ELen 5
000343 WARN S2  <- [AE Success] S1 NextIndex 29 Len 29 XLen 29 XIndex 0 CI 28
000342 WARN S2 [AE] -> S3 ELen 5
000343 TIMR S0 <-[AE] S2
000343 LOG2 S0 [AE Success] =-> S2  XLen 29
000343 TIMR S3 <-[AE] S2
000343 LOG2 S3 [AE Success] =-> S2  XLen 29
000343 DROP S2 [AE] -> S0 PreIndex 23 Len 29 ELen 5
000343 CMIT S0 Commit [24]: 8671486595553637636
000343 CMIT S0 Commit [25]: 3845291632631587460
000342 WARN S2 [AE] -> S1 NextIndex 24 Len 29 CI 25
000343 WARN S2 [AE] -> S1 ELen 0
000343 DROP S2 [AE] -> S3 PreIndex 23 Len 29 ELen 5
000343 CMIT S3 Commit [26]: 7603770283026708729
000343 CMIT S3 Commit [27]: 4710762046763022080
000343 CMIT S3 Commit [28]: 7315833051168074681
000343 TIMR S1 <-[AE] S2
000343 LOG2 S1 [AE Success] =-> S2  XLen 24
000343 DROP S2 [AE] -> S1 PreIndex 23 Len 29 ELen 0
000343 CLNT S2 NEW ENTRY!
000343 WARN S2 [AE] -> S4 NextIndex 1 Len 30 CI 28
000343 WARN S2 [AE] -> S4 ELen 29
000343 WARN S2 [AE] -> S1 NextIndex 29 Len 30 CI 28
000343 WARN S2 [AE] -> S1 ELen 1
000343 WARN S2 [AE] -> S0 NextIndex 29 Len 30 CI 28
000343 WARN S2 [AE] -> S3 NextIndex 29 Len 30 CI 28
000343 WARN S2 [AE] -> S0 ELen 1
000343 WARN S2 [AE] -> S3 ELen 1
000343 TIMR S1 <-[AE] S2
000343 TIMR S0 <-[AE] S2
000343 LOG2 S0 [AE Success] =-> S2  XLen 30
000343 CMIT S0 Commit [26]: 7603770283026708729
000343 CMIT S0 Commit [27]: 4710762046763022080
000343 CMIT S0 Commit [28]: 7315833051168074681
000343 DROP S2 [AE] -> S1 PreIndex 28 Len 30 ELen 1
000343 ERRO S2  [AE Fail] <-= S1 XTerm 1 XLen 0 XIndex 24 Pre 0 PreLogTerm 28%!(EXTRA int=2)
000343 WARN S2  <- [AE FAIL] S1 NextIndex 24 Len 30
000344 DROP S2 [AE] -> S0 PreIndex 28 Len 30 ELen 1
000344 WARN S2  <- [AE Success] S0 NextIndex 30 Len 30 XLen 30 XIndex 0 CI 28
000343 TIMR S3 <-[AE] S2
000344 LOG2 S3 [AE Success] =-> S2  XLen 30
000344 DROP S2 [AE] -> S3 PreIndex 28 Len 30 ELen 1
000344 WARN S2  <- [AE Success] S3 NextIndex 30 Len 30 XLen 30 XIndex 0 CI 29
000344 CMIT S2 Commit [29]: 7569292486758118515
000353 CLNT S2 NEW ENTRY!
000353 CLNT S2 NEW ENTRY!
000353 WARN S2 [AE] -> S4 NextIndex 1 Len 32 CI 29
000353 WARN S2 [AE] -> S4 ELen 31
000353 WARN S2 [AE] -> S0 NextIndex 30 Len 32 CI 29
000353 WARN S2 [AE] -> S0 ELen 2
000353 WARN S2 [AE] -> S1 NextIndex 24 Len 32 CI 29
000353 WARN S2 [AE] -> S1 ELen 8
000353 WARN S2 [AE] -> S1 NextIndex 24 Len 32 CI 29
000353 WARN S2 [AE] -> S1 ELen 8
000353 WARN S2 [AE] -> S3 NextIndex 30 Len 32 CI 29
000353 WARN S2 [AE] -> S3 ELen 2
000353 TIMR S0 <-[AE] S2
000353 TIMR S1 <-[AE] S2
000353 LOG2 S1 [AE Success] =-> S2  XLen 32
000353 WARN S2 [AE] -> S0 NextIndex 30 Len 32 CI 29
000353 WARN S2 [AE] -> S0 ELen 2
000353 TIMR S1 <-[AE] S2
000353 LOG2 S1 [AE Success] =-> S2  XLen 32
000353 TIMR S3 <-[AE] S2
000353 LOG2 S3 [AE Success] =-> S2  XLen 32
000353 DROP S2 [AE] -> S1 PreIndex 23 Len 32 ELen 8
000353 WARN S2  <- [AE Success] S1 NextIndex 32 Len 32 XLen 32 XIndex 0 CI 29
000353 CMIT S1 Commit [26]: 7603770283026708729
000353 CMIT S1 Commit [27]: 4710762046763022080
000353 CMIT S1 Commit [28]: 7315833051168074681
000353 WARN S2 [AE] -> S4 NextIndex 1 Len 32 CI 29
000353 WARN S2 [AE] -> S4 ELen 31
000353 LOG2 S0 [AE Success] =-> S2  XLen 32
000353 WARN S2 [AE] -> S3 NextIndex 30 Len 32 CI 29
000353 WARN S2 [AE] -> S3 ELen 2
000353 CMIT S0 Commit [29]: 7569292486758118515
000353 CMIT S1 Commit [29]: 7569292486758118515
000353 CMIT S3 Commit [29]: 7569292486758118515
000354 CLNT S2 NEW ENTRY!
000354 WARN S2 [AE] -> S4 NextIndex 1 Len 33 CI 29
000354 WARN S2 [AE] -> S4 ELen 32
000354 TIMR S0 <-[AE] S2
000354 LOG2 S0 [AE Success] =-> S2  XLen 32
000354 DROP S2 [AE] -> S3 PreIndex 29 Len 33 ELen 2
000354 WARN S2 [AE] -> S0 NextIndex 30 Len 33 CI 29
000354 WARN S2 [AE] -> S0 ELen 3
000354 WARN S2 [AE] -> S1 NextIndex 32 Len 33 CI 29
000354 WARN S2 [AE] -> S1 ELen 1
000354 WARN S2 [AE] -> S3 NextIndex 30 Len 33 CI 29
000354 WARN S2 [AE] -> S3 ELen 3
000354 TIMR S0 <-[AE] S2
000354 TIMR S1 <-[AE] S2
000354 LOG2 S1 [AE Success] =-> S2  XLen 33
000354 DROP S2 [AE] -> S1 PreIndex 31 Len 33 ELen 1
000354 WARN S2  <- [AE Success] S1 NextIndex 33 Len 33 XLen 33 XIndex 0 CI 29
000354 LOG2 S0 [AE Success] =-> S2  XLen 33
000354 TIMR S3 <-[AE] S2
000354 LOG2 S3 [AE Success] =-> S2  XLen 33
000354 DROP S2 [AE] -> S0 PreIndex 29 Len 33 ELen 3
000354 WARN S2  <- [AE Success] S0 NextIndex 33 Len 33 XLen 33 XIndex 0 CI 32
000354 DROP S2 [AE] -> S0 PreIndex 29 Len 33 ELen 2
000354 CMIT S2 Commit [30]: 5051496906267028971
000354 CMIT S2 Commit [31]: 5557772404009350648
000354 CMIT S2 Commit [32]: 4075613014178758159
000354 DROP S2 [AE] -> S1 PreIndex 23 Len 33 ELen 8
000354 DROP S2 [AE] -> S3 PreIndex 29 Len 33 ELen 3
000354 WARN S2  <- [AE Success] S3 NextIndex 33 Len 33 XLen 33 XIndex 0 CI 32
000355 DROP S2 [AE] -> S0 PreIndex 29 Len 33 ELen 2
000355 TIMR S3 <-[AE] S2
000355 LOG2 S3 [AE Success] =-> S2  XLen 32
000355 DROP S2 [AE] -> S3 PreIndex 29 Len 33 ELen 2
000363 CLNT S2 NEW ENTRY!
000364 WARN S2 [AE] -> S4 NextIndex 1 Len 35 CI 32
000364 WARN S2 [AE] -> S4 ELen 34
000364 CLNT S2 NEW ENTRY!
000364 WARN S2 [AE] -> S1 NextIndex 33 Len 35 CI 32
000364 WARN S2 [AE] -> S0 NextIndex 33 Len 35 CI 32
000364 WARN S2 [AE] -> S4 NextIndex 1 Len 35 CI 32
000364 WARN S2 [AE] -> S3 NextIndex 33 Len 35 CI 32
000364 WARN S2 [AE] -> S3 ELen 2
000364 TIMR S3 <-[AE] S2
000364 DROP S2 [AE] -> S3 PreIndex 32 Len 35 ELen 2
000364 ERRO S2  [AE Fail] <-= S3 XTerm 3 XLen 0 XIndex 32 Pre 0 PreLogTerm 32%!(EXTRA int=2)
000364 WARN S2  <- [AE FAIL] S3 NextIndex 32 Len 35
000364 WARN S2 [AE] -> S0 ELen 2
000364 TIMR S0 <-[AE] S2
000364 LOG2 S0 [AE Success] =-> S2  XLen 35
000364 DROP S2 [AE] -> S0 PreIndex 32 Len 35 ELen 2
000364 WARN S2  <- [AE Success] S0 NextIndex 35 Len 35 XLen 35 XIndex 0 CI 32
000364 WARN S2 [AE] -> S1 ELen 2
000364 TIMR S1 <-[AE] S2
000364 LOG2 S1 [AE Success] =-> S2  XLen 35
000364 DROP S2 [AE] -> S1 PreIndex 32 Len 35 ELen 2
000364 WARN S2  <- [AE Success] S1 NextIndex 35 Len 35 XLen 35 XIndex 0 CI 34
000364 CMIT S2 Commit [33]: 7267893901536720388
000364 CMIT S2 Commit [34]: 1001356363144920912
000364 CMIT S0 Commit [30]: 5051496906267028971
000364 CMIT S0 Commit [31]: 5557772404009350648
000364 CMIT S0 Commit [32]: 4075613014178758159
000364 WARN S2 [AE] -> S4 ELen 34
000364 CMIT S1 Commit [30]: 5051496906267028971
000364 CMIT S1 Commit [31]: 5557772404009350648
000364 CMIT S1 Commit [32]: 4075613014178758159
000364 WARN S2 [AE] -> S1 NextIndex 33 Len 35 CI 32
000364 WARN S2 [AE] -> S1 ELen 0
000364 CLNT S2 NEW ENTRY!
000364 WARN S2 [AE] -> S4 NextIndex 1 Len 36 CI 34
000364 WARN S2 [AE] -> S4 ELen 35
000364 TIMR S1 <-[AE] S2
000364 LOG2 S1 [AE Success] =-> S2  XLen 33
000364 WARN S2 [AE] -> S0 NextIndex 35 Len 36 CI 34
000364 WARN S2 [AE] -> S0 ELen 1
000364 TIMR S0 <-[AE] S2
000364 LOG2 S0 [AE Success] =-> S2  XLen 36
000364 WARN S2 [AE] -> S1 NextIndex 35 Len 36 CI 34
000364 WARN S2 [AE] -> S1 ELen 1
000364 WARN S2 [AE] -> S3 NextIndex 32 Len 36 CI 34
000364 WARN S2 [AE] -> S3 ELen 4
000364 TIMR S1 <-[AE] S2
000364 TIMR S3 <-[AE] S2
000364 LOG2 S3 [AE Success] =-> S2  XLen 36
000364 CMIT S0 Commit [33]: 7267893901536720388
000364 CMIT S0 Commit [34]: 1001356363144920912
000364 DROP S2 [AE] -> S1 PreIndex 32 Len 36 ELen 0
000364 DROP S2 [AE] -> S0 PreIndex 34 Len 36 ELen 1
000364 WARN S2  <- [AE Success] S0 NextIndex 36 Len 36 XLen 36 XIndex 0 CI 34
000364 DROP S2 [AE] -> S1 PreIndex 34 Len 36 ELen 1
000364 ERRO S2  [AE Fail] <-= S1 XTerm 1 XLen 0 XIndex 33 Pre 0 PreLogTerm 34%!(EXTRA int=2)
000364 WARN S2  <- [AE FAIL] S1 NextIndex 33 Len 36
000364 WARN S2 [AE] -> S3 NextIndex 33 Len 35 CI 32
000364 WARN S2 [AE] -> S3 ELen 4
000364 DROP S2 [AE] -> S3 PreIndex 31 Len 36 ELen 4
000364 WARN S2  <- [AE Success] S3 NextIndex 36 Len 36 XLen 36 XIndex 0 CI 35
000364 CMIT S2 Commit [35]: 8138576060699701617
000364 CMIT S3 Commit [30]: 5051496906267028971
000364 CMIT S3 Commit [31]: 5557772404009350648
000364 CMIT S3 Commit [32]: 4075613014178758159
000364 CMIT S3 Commit [33]: 7267893901536720388
000364 CMIT S3 Commit [34]: 1001356363144920912
000364 WARN S2 [AE] -> S0 NextIndex 33 Len 35 CI 32
000364 WARN S2 [AE] -> S0 ELen 0
000364 TIMR S0 <-[AE] S2
000364 LOG2 S0 [AE Success] =-> S2  XLen 33
000365 DROP S2 [AE] -> S0 PreIndex 32 Len 36 ELen 0
000364 TIMR S3 <-[AE] S2
000365 LOG2 S3 [AE Success] =-> S2  XLen 37
000365 DROP S2 [AE] -> S3 PreIndex 32 Len 36 ELen 4
000374 CLNT S2 NEW ENTRY!
000374 CLNT S2 NEW ENTRY!
000374 WARN S2 [AE] -> S4 NextIndex 1 Len 38 CI 35
000374 WARN S2 [AE] -> S4 ELen 37
000374 WARN S2 [AE] -> S4 NextIndex 1 Len 38 CI 35
000374 WARN S2 [AE] -> S4 ELen 37
000374 WARN S2 [AE] -> S0 NextIndex 36 Len 38 CI 35
000374 WARN S2 [AE] -> S0 ELen 2
000374 TIMR S0 <-[AE] S2
000374 DROP S2 [AE] -> S0 PreIndex 35 Len 38 ELen 2
000374 ERRO S2  [AE Fail] <-= S0 XTerm 0 XLen 0 XIndex 33 Pre 0 PreLogTerm 35%!(EXTRA int=2)
000374 WARN S2  <- [AE FAIL] S0 NextIndex 33 Len 38
000374 WARN S2 [AE] -> S1 NextIndex 33 Len 38 CI 35
000374 WARN S2 [AE] -> S1 ELen 5
000374 TIMR S1 <-[AE] S2
000374 LOG2 S1 [AE Success] =-> S2  XLen 38
000374 DROP S2 [AE] -> S1 PreIndex 32 Len 38 ELen 5
000374 WARN S2  <- [AE Success] S1 NextIndex 38 Len 38 XLen 38 XIndex 0 CI 35
000374 WARN S2 [AE] -> S3 NextIndex 36 Len 38 CI 35
000374 WARN S2 [AE] -> S3 ELen 2
000374 TIMR S3 <-[AE] S2
000374 LOG2 S3 [AE Success] =-> S2  XLen 38
000374 WARN S2 [AE] -> S1 NextIndex 38 Len 38 CI 35
000374 WARN S2 [AE] -> S1 ELen 1
000374 CMIT S1 Commit [33]: 7267893901536720388
000374 CMIT S1 Commit [34]: 1001356363144920912
000374 CMIT S1 Commit [35]: 8138576060699701617
000374 CLNT S2 NEW ENTRY!
000374 CMIT S3 Commit [35]: 1001356363144920912
000374 WARN S2 [AE] -> S4 NextIndex 1 Len 39 CI 35
000374 WARN S2 [AE] -> S3 NextIndex 36 Len 39 CI 35
000374 TIMR S1 <-[AE] S2
000374 LOG2 S1 [AE Success] =-> S2  XLen 39
3: log map[1:3563174176488589208 2:6612335026737345574 3:7591039313209798579 4:1309041264794350086 5:1486739403144345635 6:6914130618615415849 7:3549443874787224771 8:6841461910540240565 9:8066896154793764458 10:8036389748802675683 11:5318361304916522990 12:2845793667220507889 13:3302030311851199676 14:5488325234029230986 15:1655352965481786951 16:4547476901408053305 17:8032430522610731184 18:3330208402803768622 19:9170233432417922600 20:3170027021386748325 21:1726875671545173119 22:4745565703837234272 23:4483803682126694019 24:8671486595553637636 25:3845291632631587460 26:7603770283026708729 27:4710762046763022080 28:7315833051168074681 29:7569292486758118515 30:5051496906267028971 31:5557772404009350648 32:4075613014178758159 33:7267893901536720388 34:1001356363144920912]; server map[1:3563174176488589208 2:6612335026737345574 3:7591039313209798579 4:1309041264794350086 5:1486739403144345635 6:6914130618615415849 7:3549443874787224771 8:6841461910540240565 9:8066896154793764458 10:8036389748802675683 11:5318361304916522990 12:2845793667220507889 13:3302030311851199676 14:5488325234029230986 15:1655352965481786951 16:4547476901408053305 17:8032430522610731184 18:3330208402803768622 19:9170233432417922600 20:3170027021386748325 21:1726875671545173119 22:4745565703837234272 23:4483803682126694019 24:8671486595553637636 25:3845291632631587460 26:7603770283026708729 27:4710762046763022080 28:7315833051168074681 29:7569292486758118515 30:5051496906267028971 31:5557772404009350648 32:4075613014178758159 33:7267893901536720388 34:1001356363144920912 35:8138576060699701617]
3: log map[1:3563174176488589208 2:6612335026737345574 3:7591039313209798579 4:1309041264794350086 5:1486739403144345635 6:6914130618615415849 7:3549443874787224771 8:6841461910540240565 9:8066896154793764458 10:8036389748802675683 11:5318361304916522990 12:2845793667220507889 13:3302030311851199676 14:5488325234029230986 15:1655352965481786951 16:4547476901408053305 17:8032430522610731184 18:3330208402803768622 19:9170233432417922600 20:3170027021386748325 21:1726875671545173119 22:4745565703837234272 23:4483803682126694019 24:8671486595553637636 25:3845291632631587460 26:7603770283026708729 27:4710762046763022080 28:7315833051168074681 29:7569292486758118515 30:5051496906267028971 31:5557772404009350648 32:4075613014178758159 33:7267893901536720388 34:1001356363144920912]; server map[1:3563174176488589208 2:6612335026737345574 3:7591039313209798579 4:1309041264794350086 5:1486739403144345635 6:6914130618615415849 7:3549443874787224771 8:6841461910540240565 9:8066896154793764458 10:8036389748802675683 11:5318361304916522990 12:2845793667220507889 13:3302030311851199676 14:5488325234029230986 15:1655352965481786951 16:4547476901408053305 17:8032430522610731184 18:3330208402803768622 19:9170233432417922600 20:3170027021386748325 21:1726875671545173119 22:4745565703837234272 23:4483803682126694019 24:8671486595553637636 25:3845291632631587460 26:7603770283026708729 27:4710762046763022080 28:7315833051168074681 29:7569292486758118515 30:5051496906267028971 31:5557772404009350648 32:4075613014178758159 33:7267893901536720388 34:1001356363144920912 35:8138576060699701617]
apply error: commit index=35 server=3 1001356363144920912 != server=2 8138576060699701617
exit status 1
FAIL	6.5840/raft	0.379s
